Virtual User Script started at: 16.05.2020 22:47:35
Starting action vuser_init.
Web Turbo Replay of LoadRunner 2020.0.0 for Windows 10; build 793 (ноя 27 2019 19:51:20)  	[MsgId: MMSG-26983]
Run mode: HTML  	[MsgId: MMSG-26993]
Replay user agent: Mozilla/5.0 (Windows NT 10.0; WOW64; Trident/7.0; rv:11.0) like Gecko  	[MsgId: MMSG-26988]
Runtime Settings file: "D:\AdminFiles\LoadRunner\LD_scripts\UC01_cancel_order\\default.cfg"  	[MsgId: MMSG-27141]
vuser_init.c(4): web_reg_save_param started  	[MsgId: MMSG-26355]
vuser_init.c(4): Registering web_reg_save_param was successful  	[MsgId: MMSG-26390]
vuser_init.c(11): web_url("WebTours") started  	[MsgId: MMSG-26355]
vuser_init.c(11): Notify: Parameter Substitution: parameter "hostPort" =  "localhost:1080"
vuser_init.c(11): Detected non-resource "http://localhost:1080/WebTours/header.html" in "http://localhost:1080/WebTours/"  	[MsgId: MMSG-26574]
vuser_init.c(11): Detected non-resource "http://localhost:1080/cgi-bin/welcome.pl?signOff=true" in "http://localhost:1080/WebTours/"  	[MsgId: MMSG-26574]
vuser_init.c(11): Found resource "http://localhost:1080/WebTours/images/hp_logo.png" in HTML "http://localhost:1080/WebTours/header.html"  	[MsgId: MMSG-26659]
vuser_init.c(11): Found resource "http://localhost:1080/WebTours/images/webtours.png" in HTML "http://localhost:1080/WebTours/header.html"  	[MsgId: MMSG-26659]
vuser_init.c(11): Detected non-resource "http://localhost:1080/cgi-bin/nav.pl?in=home" in "http://localhost:1080/cgi-bin/welcome.pl?signOff=true"  	[MsgId: MMSG-26574]
vuser_init.c(11): Detected non-resource "http://localhost:1080/WebTours/home.html" in "http://localhost:1080/cgi-bin/welcome.pl?signOff=true"  	[MsgId: MMSG-26574]
vuser_init.c(11): Notify: Saving Parameter "userSession = 128769.417172945zzcDfHzpiQfiDDDDDQHtVptzVDHf".
vuser_init.c(11): Found resource "http://localhost:1080/WebTours/images/mer_login.gif" in HTML "http://localhost:1080/cgi-bin/nav.pl?in=home"  	[MsgId: MMSG-26659]
vuser_init.c(11): web_url("WebTours") was successful, 10080 body bytes, 2371 header bytes, 24 chunking overhead bytes  	[MsgId: MMSG-26385]
vuser_init.c(22): Notify: Transaction "UC01_TR01_login" started.
vuser_init.c(25): web_submit_data("login.pl") started  	[MsgId: MMSG-26355]
vuser_init.c(25): Notify: Parameter Substitution: parameter "hostPort" =  "localhost:1080"
vuser_init.c(25): Notify: Parameter Substitution: parameter "hostPort" =  "localhost:1080"
vuser_init.c(25): Notify: Parameter Substitution: parameter "userSession" =  "128769.417172945zzcDfHzpiQfiDDDDDQHtVptzVDHf"
vuser_init.c(25): Notify: Parameter Substitution: parameter "userName" =  "jojo"
vuser_init.c(25): Notify: Parameter Substitution: parameter "password" =  "bean"
vuser_init.c(25): Detected non-resource "http://localhost:1080/cgi-bin/nav.pl?page=menu&in=home" in "http://localhost:1080/cgi-bin/login.pl"  	[MsgId: MMSG-26574]
vuser_init.c(25): Detected non-resource "http://localhost:1080/cgi-bin/login.pl?intro=true" in "http://localhost:1080/cgi-bin/login.pl"  	[MsgId: MMSG-26574]
vuser_init.c(25): Found resource "http://localhost:1080/WebTours/images/flights.gif" in HTML "http://localhost:1080/cgi-bin/nav.pl?page=menu&in=home"  	[MsgId: MMSG-26659]
vuser_init.c(25): Found resource "http://localhost:1080/WebTours/images/itinerary.gif" in HTML "http://localhost:1080/cgi-bin/nav.pl?page=menu&in=home"  	[MsgId: MMSG-26659]
vuser_init.c(25): Found resource "http://localhost:1080/WebTours/images/in_home.gif" in HTML "http://localhost:1080/cgi-bin/nav.pl?page=menu&in=home"  	[MsgId: MMSG-26659]
vuser_init.c(25): Found resource "http://localhost:1080/WebTours/images/signoff.gif" in HTML "http://localhost:1080/cgi-bin/nav.pl?page=menu&in=home"  	[MsgId: MMSG-26659]
vuser_init.c(25): web_submit_data("login.pl") was successful, 5779 body bytes, 2031 header bytes, 36 chunking overhead bytes  	[MsgId: MMSG-26385]
vuser_init.c(42): Notify: Transaction "UC01_TR01_login" ended with a "Pass" status (Duration: 0,1203 Wasted Time: 0,0097).
Ending action vuser_init.
Running Vuser...
Starting iteration 1.
Starting action Itinerary.
Itinerary.c(5): Notify: Transaction "UC01_TR02_itinerary" started.
Itinerary.c(8): web_reg_save_param started  	[MsgId: MMSG-26355]
Itinerary.c(8): Registering web_reg_save_param was successful  	[MsgId: MMSG-26390]
Itinerary.c(14): web_reg_save_param started  	[MsgId: MMSG-26355]
Itinerary.c(14): Registering web_reg_save_param was successful  	[MsgId: MMSG-26390]
Itinerary.c(21): web_url("welcome.pl") started  	[MsgId: MMSG-26355]
Itinerary.c(21): Notify: Parameter Substitution: parameter "hostPort" =  "localhost:1080"
Itinerary.c(21): Notify: Parameter Substitution: parameter "hostPort" =  "localhost:1080"
Itinerary.c(21): Detected non-resource "http://localhost:1080/cgi-bin/nav.pl?page=menu&in=itinerary" in "http://localhost:1080/cgi-bin/welcome.pl?page=itinerary"  	[MsgId: MMSG-26574]
Itinerary.c(21): Detected non-resource "http://localhost:1080/cgi-bin/itinerary.pl" in "http://localhost:1080/cgi-bin/welcome.pl?page=itinerary"  	[MsgId: MMSG-26574]
Itinerary.c(21): Resource "http://localhost:1080/WebTours/images/flights.gif" is in the cache already and will not be downloaded again  	[MsgId: MMSG-26655]
Itinerary.c(21): Found resource "http://localhost:1080/WebTours/images/in_itinerary.gif" in HTML "http://localhost:1080/cgi-bin/nav.pl?page=menu&in=itinerary"  	[MsgId: MMSG-26659]
Itinerary.c(21): Found resource "http://localhost:1080/WebTours/images/home.gif" in HTML "http://localhost:1080/cgi-bin/nav.pl?page=menu&in=itinerary"  	[MsgId: MMSG-26659]
Itinerary.c(21): Resource "http://localhost:1080/WebTours/images/signoff.gif" is in the cache already and will not be downloaded again  	[MsgId: MMSG-26655]
Itinerary.c(21): Notify: Saving Parameter "flightID_1 = 2603-791-JB".
Itinerary.c(21): Notify: Saving Parameter "cgifield_1 = 1".
Itinerary.c(21): Found resource "http://localhost:1080/WebTours/images/cancelreservation.gif" in HTML "http://localhost:1080/cgi-bin/itinerary.pl"  	[MsgId: MMSG-26659]
Itinerary.c(21): Found resource "http://localhost:1080/WebTours/images/cancelallreservations.gif" in HTML "http://localhost:1080/cgi-bin/itinerary.pl"  	[MsgId: MMSG-26659]
Itinerary.c(21): Notify: Saving Parameter "flightID_count = 1".
Itinerary.c(21): Notify: Saving Parameter "cgifield_count = 1".
Itinerary.c(21): web_url("welcome.pl") was successful, 7666 body bytes, 1913 header bytes, 36 chunking overhead bytes  	[MsgId: MMSG-26385]
Itinerary.c(31): Notify: Transaction "UC01_TR02_itinerary" ended with a "Pass" status (Duration: 0,1729 Wasted Time: 0,0068).
Ending action Itinerary.
Starting action Itinerary.
Itinerary.c(5): Notify: Transaction "UC01_TR02_itinerary" started.
Itinerary.c(8): web_reg_save_param started  	[MsgId: MMSG-26355]
Itinerary.c(8): Registering web_reg_save_param was successful  	[MsgId: MMSG-26390]
Itinerary.c(14): web_reg_save_param started  	[MsgId: MMSG-26355]
Itinerary.c(14): Registering web_reg_save_param was successful  	[MsgId: MMSG-26390]
Itinerary.c(21): web_url("welcome.pl") started  	[MsgId: MMSG-26355]
Itinerary.c(21): Notify: Parameter Substitution: parameter "hostPort" =  "localhost:1080"
Itinerary.c(21): Notify: Parameter Substitution: parameter "hostPort" =  "localhost:1080"
Itinerary.c(21): Detected non-resource "http://localhost:1080/cgi-bin/nav.pl?page=menu&in=itinerary" in "http://localhost:1080/cgi-bin/welcome.pl?page=itinerary"  	[MsgId: MMSG-26574]
Itinerary.c(21): Detected non-resource "http://localhost:1080/cgi-bin/itinerary.pl" in "http://localhost:1080/cgi-bin/welcome.pl?page=itinerary"  	[MsgId: MMSG-26574]
Itinerary.c(21): Resource "http://localhost:1080/WebTours/images/flights.gif" is in the cache already and will not be downloaded again  	[MsgId: MMSG-26655]
Itinerary.c(21): Resource "http://localhost:1080/WebTours/images/in_itinerary.gif" is in the cache already and will not be downloaded again  	[MsgId: MMSG-26655]
Itinerary.c(21): Resource "http://localhost:1080/WebTours/images/home.gif" is in the cache already and will not be downloaded again  	[MsgId: MMSG-26655]
Itinerary.c(21): Resource "http://localhost:1080/WebTours/images/signoff.gif" is in the cache already and will not be downloaded again  	[MsgId: MMSG-26655]
Itinerary.c(21): Notify: Saving Parameter "flightID_1 = 2603-791-JB".
Itinerary.c(21): Notify: Saving Parameter "cgifield_1 = 1".
Itinerary.c(21): Resource "http://localhost:1080/WebTours/images/cancelreservation.gif" is in the cache already and will not be downloaded again  	[MsgId: MMSG-26655]
Itinerary.c(21): Resource "http://localhost:1080/WebTours/images/cancelallreservations.gif" is in the cache already and will not be downloaded again  	[MsgId: MMSG-26655]
Itinerary.c(21): Notify: Saving Parameter "flightID_count = 1".
Itinerary.c(21): Notify: Saving Parameter "cgifield_count = 1".
Itinerary.c(21): web_url("welcome.pl") was successful, 4672 body bytes, 725 header bytes, 36 chunking overhead bytes  	[MsgId: MMSG-26385]
Itinerary.c(31): Notify: Transaction "UC01_TR02_itinerary" ended with a "Pass" status (Duration: 0,1199 Wasted Time: 0,0056).
Ending action Itinerary.
Starting action Itinerary.
Itinerary.c(5): Notify: Transaction "UC01_TR02_itinerary" started.
Itinerary.c(8): web_reg_save_param started  	[MsgId: MMSG-26355]
Itinerary.c(8): Registering web_reg_save_param was successful  	[MsgId: MMSG-26390]
Itinerary.c(14): web_reg_save_param started  	[MsgId: MMSG-26355]
Itinerary.c(14): Registering web_reg_save_param was successful  	[MsgId: MMSG-26390]
Itinerary.c(21): web_url("welcome.pl") started  	[MsgId: MMSG-26355]
Itinerary.c(21): Notify: Parameter Substitution: parameter "hostPort" =  "localhost:1080"
Itinerary.c(21): Notify: Parameter Substitution: parameter "hostPort" =  "localhost:1080"
Itinerary.c(21): Detected non-resource "http://localhost:1080/cgi-bin/nav.pl?page=menu&in=itinerary" in "http://localhost:1080/cgi-bin/welcome.pl?page=itinerary"  	[MsgId: MMSG-26574]
Itinerary.c(21): Detected non-resource "http://localhost:1080/cgi-bin/itinerary.pl" in "http://localhost:1080/cgi-bin/welcome.pl?page=itinerary"  	[MsgId: MMSG-26574]
Itinerary.c(21): Resource "http://localhost:1080/WebTours/images/flights.gif" is in the cache already and will not be downloaded again  	[MsgId: MMSG-26655]
Itinerary.c(21): Resource "http://localhost:1080/WebTours/images/in_itinerary.gif" is in the cache already and will not be downloaded again  	[MsgId: MMSG-26655]
Itinerary.c(21): Resource "http://localhost:1080/WebTours/images/home.gif" is in the cache already and will not be downloaded again  	[MsgId: MMSG-26655]
Itinerary.c(21): Resource "http://localhost:1080/WebTours/images/signoff.gif" is in the cache already and will not be downloaded again  	[MsgId: MMSG-26655]
Itinerary.c(21): Notify: Saving Parameter "flightID_1 = 2603-791-JB".
Itinerary.c(21): Notify: Saving Parameter "cgifield_1 = 1".
Itinerary.c(21): Resource "http://localhost:1080/WebTours/images/cancelreservation.gif" is in the cache already and will not be downloaded again  	[MsgId: MMSG-26655]
Itinerary.c(21): Resource "http://localhost:1080/WebTours/images/cancelallreservations.gif" is in the cache already and will not be downloaded again  	[MsgId: MMSG-26655]
Itinerary.c(21): Notify: Saving Parameter "flightID_count = 1".
Itinerary.c(21): Notify: Saving Parameter "cgifield_count = 1".
Itinerary.c(21): web_url("welcome.pl") was successful, 4672 body bytes, 725 header bytes, 36 chunking overhead bytes  	[MsgId: MMSG-26385]
Itinerary.c(31): Notify: Transaction "UC01_TR02_itinerary" ended with a "Pass" status (Duration: 0,1267 Wasted Time: 0,0051).
Ending action Itinerary.
Starting action Itinerary.
Itinerary.c(5): Notify: Transaction "UC01_TR02_itinerary" started.
Itinerary.c(8): web_reg_save_param started  	[MsgId: MMSG-26355]
Itinerary.c(8): Registering web_reg_save_param was successful  	[MsgId: MMSG-26390]
Itinerary.c(14): web_reg_save_param started  	[MsgId: MMSG-26355]
Itinerary.c(14): Registering web_reg_save_param was successful  	[MsgId: MMSG-26390]
Itinerary.c(21): web_url("welcome.pl") started  	[MsgId: MMSG-26355]
Itinerary.c(21): Notify: Parameter Substitution: parameter "hostPort" =  "localhost:1080"
Itinerary.c(21): Notify: Parameter Substitution: parameter "hostPort" =  "localhost:1080"
Itinerary.c(21): Detected non-resource "http://localhost:1080/cgi-bin/nav.pl?page=menu&in=itinerary" in "http://localhost:1080/cgi-bin/welcome.pl?page=itinerary"  	[MsgId: MMSG-26574]
Itinerary.c(21): Detected non-resource "http://localhost:1080/cgi-bin/itinerary.pl" in "http://localhost:1080/cgi-bin/welcome.pl?page=itinerary"  	[MsgId: MMSG-26574]
Itinerary.c(21): Resource "http://localhost:1080/WebTours/images/flights.gif" is in the cache already and will not be downloaded again  	[MsgId: MMSG-26655]
Itinerary.c(21): Resource "http://localhost:1080/WebTours/images/in_itinerary.gif" is in the cache already and will not be downloaded again  	[MsgId: MMSG-26655]
Itinerary.c(21): Resource "http://localhost:1080/WebTours/images/home.gif" is in the cache already and will not be downloaded again  	[MsgId: MMSG-26655]
Itinerary.c(21): Resource "http://localhost:1080/WebTours/images/signoff.gif" is in the cache already and will not be downloaded again  	[MsgId: MMSG-26655]
Itinerary.c(21): Notify: Saving Parameter "flightID_1 = 2603-791-JB".
Itinerary.c(21): Notify: Saving Parameter "cgifield_1 = 1".
Itinerary.c(21): Resource "http://localhost:1080/WebTours/images/cancelreservation.gif" is in the cache already and will not be downloaded again  	[MsgId: MMSG-26655]
Itinerary.c(21): Resource "http://localhost:1080/WebTours/images/cancelallreservations.gif" is in the cache already and will not be downloaded again  	[MsgId: MMSG-26655]
Itinerary.c(21): Notify: Saving Parameter "flightID_count = 1".
Itinerary.c(21): Notify: Saving Parameter "cgifield_count = 1".
Itinerary.c(21): web_url("welcome.pl") was successful, 4672 body bytes, 725 header bytes, 36 chunking overhead bytes  	[MsgId: MMSG-26385]
Itinerary.c(31): Notify: Transaction "UC01_TR02_itinerary" ended with a "Pass" status (Duration: 0,1196 Wasted Time: 0,0051).
Ending action Itinerary.
Starting action Itinerary.
Itinerary.c(5): Notify: Transaction "UC01_TR02_itinerary" started.
Itinerary.c(8): web_reg_save_param started  	[MsgId: MMSG-26355]
Itinerary.c(8): Registering web_reg_save_param was successful  	[MsgId: MMSG-26390]
Itinerary.c(14): web_reg_save_param started  	[MsgId: MMSG-26355]
Itinerary.c(14): Registering web_reg_save_param was successful  	[MsgId: MMSG-26390]
Itinerary.c(21): web_url("welcome.pl") started  	[MsgId: MMSG-26355]
Itinerary.c(21): Notify: Parameter Substitution: parameter "hostPort" =  "localhost:1080"
Itinerary.c(21): Notify: Parameter Substitution: parameter "hostPort" =  "localhost:1080"
Itinerary.c(21): Detected non-resource "http://localhost:1080/cgi-bin/nav.pl?page=menu&in=itinerary" in "http://localhost:1080/cgi-bin/welcome.pl?page=itinerary"  	[MsgId: MMSG-26574]
Itinerary.c(21): Detected non-resource "http://localhost:1080/cgi-bin/itinerary.pl" in "http://localhost:1080/cgi-bin/welcome.pl?page=itinerary"  	[MsgId: MMSG-26574]
Itinerary.c(21): Resource "http://localhost:1080/WebTours/images/flights.gif" is in the cache already and will not be downloaded again  	[MsgId: MMSG-26655]
Itinerary.c(21): Resource "http://localhost:1080/WebTours/images/in_itinerary.gif" is in the cache already and will not be downloaded again  	[MsgId: MMSG-26655]
Itinerary.c(21): Resource "http://localhost:1080/WebTours/images/home.gif" is in the cache already and will not be downloaded again  	[MsgId: MMSG-26655]
Itinerary.c(21): Resource "http://localhost:1080/WebTours/images/signoff.gif" is in the cache already and will not be downloaded again  	[MsgId: MMSG-26655]
Itinerary.c(21): Notify: Saving Parameter "flightID_1 = 2603-791-JB".
Itinerary.c(21): Notify: Saving Parameter "cgifield_1 = 1".
Itinerary.c(21): Resource "http://localhost:1080/WebTours/images/cancelreservation.gif" is in the cache already and will not be downloaded again  	[MsgId: MMSG-26655]
Itinerary.c(21): Resource "http://localhost:1080/WebTours/images/cancelallreservations.gif" is in the cache already and will not be downloaded again  	[MsgId: MMSG-26655]
Itinerary.c(21): Notify: Saving Parameter "flightID_count = 1".
Itinerary.c(21): Notify: Saving Parameter "cgifield_count = 1".
Itinerary.c(21): web_url("welcome.pl") was successful, 4672 body bytes, 725 header bytes, 36 chunking overhead bytes  	[MsgId: MMSG-26385]
Itinerary.c(31): Notify: Transaction "UC01_TR02_itinerary" ended with a "Pass" status (Duration: 0,1199 Wasted Time: 0,0053).
Ending action Itinerary.
Starting action Itinerary.
Itinerary.c(5): Notify: Transaction "UC01_TR02_itinerary" started.
Itinerary.c(8): web_reg_save_param started  	[MsgId: MMSG-26355]
Itinerary.c(8): Registering web_reg_save_param was successful  	[MsgId: MMSG-26390]
Itinerary.c(14): web_reg_save_param started  	[MsgId: MMSG-26355]
Itinerary.c(14): Registering web_reg_save_param was successful  	[MsgId: MMSG-26390]
Itinerary.c(21): web_url("welcome.pl") started  	[MsgId: MMSG-26355]
Itinerary.c(21): Notify: Parameter Substitution: parameter "hostPort" =  "localhost:1080"
Itinerary.c(21): Notify: Parameter Substitution: parameter "hostPort" =  "localhost:1080"
Itinerary.c(21): Detected non-resource "http://localhost:1080/cgi-bin/nav.pl?page=menu&in=itinerary" in "http://localhost:1080/cgi-bin/welcome.pl?page=itinerary"  	[MsgId: MMSG-26574]
Itinerary.c(21): Detected non-resource "http://localhost:1080/cgi-bin/itinerary.pl" in "http://localhost:1080/cgi-bin/welcome.pl?page=itinerary"  	[MsgId: MMSG-26574]
Itinerary.c(21): Resource "http://localhost:1080/WebTours/images/flights.gif" is in the cache already and will not be downloaded again  	[MsgId: MMSG-26655]
Itinerary.c(21): Resource "http://localhost:1080/WebTours/images/in_itinerary.gif" is in the cache already and will not be downloaded again  	[MsgId: MMSG-26655]
Itinerary.c(21): Resource "http://localhost:1080/WebTours/images/home.gif" is in the cache already and will not be downloaded again  	[MsgId: MMSG-26655]
Itinerary.c(21): Resource "http://localhost:1080/WebTours/images/signoff.gif" is in the cache already and will not be downloaded again  	[MsgId: MMSG-26655]
Itinerary.c(21): Notify: Saving Parameter "flightID_1 = 2603-791-JB".
Itinerary.c(21): Notify: Saving Parameter "cgifield_1 = 1".
Itinerary.c(21): Resource "http://localhost:1080/WebTours/images/cancelreservation.gif" is in the cache already and will not be downloaded again  	[MsgId: MMSG-26655]
Itinerary.c(21): Resource "http://localhost:1080/WebTours/images/cancelallreservations.gif" is in the cache already and will not be downloaded again  	[MsgId: MMSG-26655]
Itinerary.c(21): Notify: Saving Parameter "flightID_count = 1".
Itinerary.c(21): Notify: Saving Parameter "cgifield_count = 1".
Itinerary.c(21): web_url("welcome.pl") was successful, 4672 body bytes, 725 header bytes, 36 chunking overhead bytes  	[MsgId: MMSG-26385]
Itinerary.c(31): Notify: Transaction "UC01_TR02_itinerary" ended with a "Pass" status (Duration: 0,1200 Wasted Time: 0,0054).
Ending action Itinerary.
Starting action Cancel_Orders.
Cancel_Orders.c(9): Notify: Transaction "UC01_TR03_cancel_orders" started.
Cancel_Orders.c(11): Notify: Parameter Substitution: parameter "flightID_count" =  "1"
Cancel_Orders.c(11): Notify: Saving Parameter "clipboard = 1=on&".
Cancel_Orders.c(15): Notify: Saving Parameter "clipboard = ".
Cancel_Orders.c(19): Notify: Parameter Substitution: parameter "clipboard" =  ""
Cancel_Orders.c(19): Notify: Saving Parameter "clipboard = 1=on&".
Cancel_Orders.c(19): Notify: Parameter Substitution: parameter "clipboard" =  "1=on&"
Cancel_Orders.c(19): Notify: Saving Parameter "clipboard = 1=on&2=on&".
Cancel_Orders.c(19): Notify: Parameter Substitution: parameter "clipboard" =  "1=on&2=on&"
Cancel_Orders.c(19): Notify: Saving Parameter "clipboard = 1=on&2=on&3=on&".
Cancel_Orders.c(23): Notify: Parameter Substitution: parameter "flightID_count" =  "1"
Cancel_Orders.c(25): Notify: Parameter Substitution: parameter "clipboard" =  "1=on&2=on&3=on&"
Cancel_Orders.c(25): Notify: Parameter Substitution: parameter "flightID_1" =  "2603-791-JB"
Cancel_Orders.c(25): Notify: Saving Parameter "clipboard = 1=on&2=on&3=on&flightID=2603-791-JB&".
Cancel_Orders.c(31): Notify: Parameter Substitution: parameter "clipboard" =  "1=on&2=on&3=on&flightID=2603-791-JB&"
Cancel_Orders.c(31): Notify: Parameter Substitution: parameter "cgifield_1" =  "1"
Cancel_Orders.c(31): Notify: Saving Parameter "clipboard = 1=on&2=on&3=on&flightID=2603-791-JB&.cgifields=1&".
Cancel_Orders.c(23): Notify: Parameter Substitution: parameter "flightID_count" =  "1"
Cancel_Orders.c(39): Notify: Parameter Substitution: parameter "flightID_count" =  "1"
Cancel_Orders.c(47): web_reg_find started  	[MsgId: MMSG-26355]
Cancel_Orders.c(47): Registering web_reg_find was successful  	[MsgId: MMSG-26390]
Cancel_Orders.c(49): web_custom_request("itinerary.pl_2") started  	[MsgId: MMSG-26355]
Cancel_Orders.c(49): Notify: Parameter Substitution: parameter "hostPort" =  "localhost:1080"
Cancel_Orders.c(49): Notify: Parameter Substitution: parameter "hostPort" =  "localhost:1080"
Cancel_Orders.c(49): Warning: The string 'par' with parameter delimiters is not a parameter.
Cancel_Orders.c(49): Registered web_reg_find successful for "Text=Itinerary" (count=1)  	[MsgId: MMSG-26364]
Cancel_Orders.c(49): web_custom_request("itinerary.pl_2") was successful, 2599 body bytes, 255 header bytes, 12 chunking overhead bytes  	[MsgId: MMSG-26385]
Cancel_Orders.c(93): Notify: Transaction "UC01_TR03_cancel_orders" ended with a "Pass" status (Duration: 0,1759 Wasted Time: 0,0045).
Ending action Cancel_Orders.
Ending iteration 1.
Ending Vuser...
Starting action vuser_end.
vuser_end.c(4): Notify: Transaction "UC01_TR04_sign_off" started.
vuser_end.c(6): web_url("SignOff Button") started  	[MsgId: MMSG-26355]
vuser_end.c(6): Notify: Parameter Substitution: parameter "hostPort" =  "localhost:1080"
vuser_end.c(6): Notify: Parameter Substitution: parameter "hostPort" =  "localhost:1080"
vuser_end.c(6): Detected non-resource "http://localhost:1080/cgi-bin/nav.pl?in=home" in "http://localhost:1080/cgi-bin/welcome.pl?signOff=1"  	[MsgId: MMSG-26574]
vuser_end.c(6): Detected non-resource "http://localhost:1080/WebTours/home.html" in "http://localhost:1080/cgi-bin/welcome.pl?signOff=1"  	[MsgId: MMSG-26574]
vuser_end.c(6): Retrieving data from cache for "http://localhost:1080/WebTours/home.html"  	[MsgId: MMSG-26558]
vuser_end.c(6): Resource "http://localhost:1080/WebTours/images/mer_login.gif" is in the cache already and will not be downloaded again  	[MsgId: MMSG-26655]
vuser_end.c(6): web_url("SignOff Button") was successful, 2167 body bytes, 582 header bytes, 24 chunking overhead bytes  	[MsgId: MMSG-26385]
vuser_end.c(16): Notify: Transaction "UC01_TR04_sign_off" ended with a "Pass" status (Duration: 0,1199 Wasted Time: 0,0052).
Ending action vuser_end.
Vuser Terminated.
Vuser 0 (thread 20276), ended OK."
